C:\Program Files\Microsoft Visual Studio\2022\Community\MSBuild\Microsoft\VC\v170\Microsoft.CppBuild.targets(520,5): warning MSB8004: Output 디렉터리가 슬래시로 끝나지 않습니다. Output 디렉터리의 적절한 평가를 허용하는 데 필요하므로 이 빌드 인스턴스에서 슬래시를 추가합니다.
  Animation.cpp
C:\Users\user\source\repos\왜가리\WinAnim\Texture.h(47,24): error C2061: 구문 오류: 식별자 'AnimState'
  (소스 파일 'Animation.cpp'을(를) 컴파일하는 중)
  
C:\Users\user\source\repos\왜가리\WinAnim\Animation.h(12,14): warning C4091: 'typedef ': 변수를 선언하지 않으면 'AnimState' 왼쪽은 무시됩니다.
  (소스 파일 'Animation.cpp'을(를) 컴파일하는 중)
  
C:\Users\user\source\repos\왜가리\WinAnim\Animation.cpp(55,7): error C4996: 'fopen': This function or variable may be unsafe. Consider using fopen_s instead. To disable deprecation, use _CRT_SECURE_NO_WARNINGS. See online help for details.
C:\Users\user\source\repos\왜가리\WinAnim\Animation.cpp(84,10): warning C4267: '초기화 중': 'size_t'에서 'int'(으)로 변환하면서 데이터가 손실될 수 있습니다.
C:\Users\user\source\repos\왜가리\WinAnim\Animation.cpp(91,16): error C4996: 'strtok': This function or variable may be unsafe. Consider using strtok_s instead. To disable deprecation, use _CRT_SECURE_NO_WARNINGS. See online help for details.
C:\Users\user\source\repos\왜가리\WinAnim\Animation.cpp(102,11): error C4996: 'strtok': This function or variable may be unsafe. Consider using strtok_s instead. To disable deprecation, use _CRT_SECURE_NO_WARNINGS. See online help for details.
  Player.cpp
C:\Users\user\source\repos\왜가리\WinAnim\Animation.h(12,14): warning C4091: 'typedef ': 변수를 선언하지 않으면 'AnimState' 왼쪽은 무시됩니다.
  (소스 파일 'Player.cpp'을(를) 컴파일하는 중)
  
C:\Users\user\source\repos\왜가리\WinAnim\Animation.h(83,22): error C3646: 'gsi': 알 수 없는 재정의 지정자입니다.
  (소스 파일 'Player.cpp'을(를) 컴파일하는 중)
  
C:\Users\user\source\repos\왜가리\WinAnim\Animation.h(83,2): error C4430: 형식 지정자가 없습니다. int로 가정합니다. 참고: C++에서는 기본 int를 지원하지 않습니다.
  (소스 파일 'Player.cpp'을(를) 컴파일하는 중)
  
C:\Users\user\source\repos\왜가리\WinAnim\Animation.h(84,7): error C2143: 구문 오류: ';'이(가) '*' 앞에 없습니다.
  (소스 파일 'Player.cpp'을(를) 컴파일하는 중)
  
C:\Users\user\source\repos\왜가리\WinAnim\Animation.h(84,2): error C4430: 형식 지정자가 없습니다. int로 가정합니다. 참고: C++에서는 기본 int를 지원하지 않습니다.
  (소스 파일 'Player.cpp'을(를) 컴파일하는 중)
  
C:\Users\user\source\repos\왜가리\WinAnim\Animation.h(84,14): error C2238: ';' 앞에 예기치 않은 토큰이 있습니다.
  (소스 파일 'Player.cpp'을(를) 컴파일하는 중)
  
C:\Users\user\source\repos\왜가리\WinAnim\Animation.h(85,10): error C2143: 구문 오류: ';'이(가) '*' 앞에 없습니다.
  (소스 파일 'Player.cpp'을(를) 컴파일하는 중)
  
C:\Users\user\source\repos\왜가리\WinAnim\Animation.h(85,2): error C4430: 형식 지정자가 없습니다. int로 가정합니다. 참고: C++에서는 기본 int를 지원하지 않습니다.
  (소스 파일 'Player.cpp'을(를) 컴파일하는 중)
  
C:\Users\user\source\repos\왜가리\WinAnim\Animation.h(85,30): error C2238: ';' 앞에 예기치 않은 토큰이 있습니다.
  (소스 파일 'Player.cpp'을(를) 컴파일하는 중)
  
C:\Users\user\source\repos\왜가리\WinAnim\Animation.h(93,8): error C2143: 구문 오류: ';'이(가) '<' 앞에 없습니다.
  (소스 파일 'Player.cpp'을(를) 컴파일하는 중)
  
C:\Users\user\source\repos\왜가리\WinAnim\Animation.h(93,2): error C4430: 형식 지정자가 없습니다. int로 가정합니다. 참고: C++에서는 기본 int를 지원하지 않습니다.
  (소스 파일 'Player.cpp'을(를) 컴파일하는 중)
  
C:\Users\user\source\repos\왜가리\WinAnim\Animation.h(93,34): error C2238: ';' 앞에 예기치 않은 토큰이 있습니다.
  (소스 파일 'Player.cpp'을(를) 컴파일하는 중)
  
C:\Program Files (x86)\Windows Kits\10\Include\10.0.22621.0\um\GdiplusPath.h(145,35): error C2872: 'byte': 모호한 기호입니다.
  (소스 파일 'Player.cpp'을(를) 컴파일하는 중)
      C:\Program Files (x86)\Windows Kits\10\Include\10.0.22621.0\shared\rpcndr.h(202,23):
      'unsigned char byte'일 수 있습니다.
      C:\Program Files\Microsoft Visual Studio\2022\Community\VC\Tools\MSVC\14.43.34808\include\cstddef(34,24):
      또는       'std::byte'
  
  Texture.cpp
C:\Users\user\source\repos\왜가리\WinAnim\Animation.h(12,14): warning C4091: 'typedef ': 변수를 선언하지 않으면 'AnimState' 왼쪽은 무시됩니다.
  (소스 파일 'Texture.cpp'을(를) 컴파일하는 중)
  
  Winmain.cpp
C:\Users\user\source\repos\왜가리\WinAnim\Animation.h(12,14): warning C4091: 'typedef ': 변수를 선언하지 않으면 'AnimState' 왼쪽은 무시됩니다.
  (소스 파일 'Winmain.cpp'을(를) 컴파일하는 중)
  
C:\Users\user\source\repos\왜가리\WinAnim\Animation.h(83,22): error C3646: 'gsi': 알 수 없는 재정의 지정자입니다.
  (소스 파일 'Winmain.cpp'을(를) 컴파일하는 중)
  
C:\Users\user\source\repos\왜가리\WinAnim\Animation.h(83,2): error C4430: 형식 지정자가 없습니다. int로 가정합니다. 참고: C++에서는 기본 int를 지원하지 않습니다.
  (소스 파일 'Winmain.cpp'을(를) 컴파일하는 중)
  
C:\Users\user\source\repos\왜가리\WinAnim\Animation.h(84,7): error C2143: 구문 오류: ';'이(가) '*' 앞에 없습니다.
  (소스 파일 'Winmain.cpp'을(를) 컴파일하는 중)
  
C:\Users\user\source\repos\왜가리\WinAnim\Animation.h(84,2): error C4430: 형식 지정자가 없습니다. int로 가정합니다. 참고: C++에서는 기본 int를 지원하지 않습니다.
  (소스 파일 'Winmain.cpp'을(를) 컴파일하는 중)
  
C:\Users\user\source\repos\왜가리\WinAnim\Animation.h(84,14): error C2238: ';' 앞에 예기치 않은 토큰이 있습니다.
  (소스 파일 'Winmain.cpp'을(를) 컴파일하는 중)
  
C:\Users\user\source\repos\왜가리\WinAnim\Animation.h(85,10): error C2143: 구문 오류: ';'이(가) '*' 앞에 없습니다.
  (소스 파일 'Winmain.cpp'을(를) 컴파일하는 중)
  
C:\Users\user\source\repos\왜가리\WinAnim\Animation.h(85,2): error C4430: 형식 지정자가 없습니다. int로 가정합니다. 참고: C++에서는 기본 int를 지원하지 않습니다.
  (소스 파일 'Winmain.cpp'을(를) 컴파일하는 중)
  
C:\Users\user\source\repos\왜가리\WinAnim\Animation.h(85,30): error C2238: ';' 앞에 예기치 않은 토큰이 있습니다.
  (소스 파일 'Winmain.cpp'을(를) 컴파일하는 중)
  
C:\Users\user\source\repos\왜가리\WinAnim\Animation.h(93,8): error C2143: 구문 오류: ';'이(가) '<' 앞에 없습니다.
  (소스 파일 'Winmain.cpp'을(를) 컴파일하는 중)
  
C:\Users\user\source\repos\왜가리\WinAnim\Animation.h(93,2): error C4430: 형식 지정자가 없습니다. int로 가정합니다. 참고: C++에서는 기본 int를 지원하지 않습니다.
  (소스 파일 'Winmain.cpp'을(를) 컴파일하는 중)
  
C:\Users\user\source\repos\왜가리\WinAnim\Animation.h(93,34): error C2238: ';' 앞에 예기치 않은 토큰이 있습니다.
  (소스 파일 'Winmain.cpp'을(를) 컴파일하는 중)
  
C:\Program Files (x86)\Windows Kits\10\Include\10.0.22621.0\um\GdiplusPath.h(145,35): error C2872: 'byte': 모호한 기호입니다.
  (소스 파일 'Winmain.cpp'을(를) 컴파일하는 중)
      C:\Program Files (x86)\Windows Kits\10\Include\10.0.22621.0\shared\rpcndr.h(202,23):
      'unsigned char byte'일 수 있습니다.
      C:\Program Files\Microsoft Visual Studio\2022\Community\VC\Tools\MSVC\14.43.34808\include\cstddef(34,24):
      또는       'std::byte'
  
C:\Users\user\source\repos\왜가리\WinAnim\Winmain.cpp(110,37): warning C4806: '&': 안전하지 않은 연산입니다. 'bool' 형식의 값('int' 형식으로 확장)이 주어진 상수와 같을 수 없습니다.
C:\Users\user\source\repos\왜가리\WinAnim\Winmain.cpp(120,37): warning C4806: '&': 안전하지 않은 연산입니다. 'bool' 형식의 값('int' 형식으로 확장)이 주어진 상수와 같을 수 없습니다.
C:\Users\user\source\repos\왜가리\WinAnim\Winmain.cpp(130,37): warning C4806: '&': 안전하지 않은 연산입니다. 'bool' 형식의 값('int' 형식으로 확장)이 주어진 상수와 같을 수 없습니다.
  코드를 생성하고 있습니다...
