c:\users\user\source\repos\gdiplus\winanim\winanim\x64\debug\vc143.pdb
c:\users\user\source\repos\gdiplus\winanim\winanim\x64\debug\vc143.idb
c:\users\user\source\repos\gdiplus\winanim\winanim\x64\debug\winmain.obj
c:\users\user\source\repos\gdiplus\winanim\winanim\x64\debug\player.obj
c:\users\user\source\repos\gdiplus\winanim\winanim\x64\debug\texture.obj
c:\users\user\source\repos\gdiplus\winanim\winanim\x64\debug\animation.obj
c:\users\user\source\repos\gdiplus\winanim\winanim\x64\debug\time.obj
c:\users\user\source\repos\gdiplus\winanim\winanim\x64\debug\intput.obj
c:\users\user\source\repos\왜가리\winanim\winanim\x64\debug\vc143.pdb
c:\users\user\source\repos\왜가리\winanim\winanim\x64\debug\vc143.idb
c:\users\user\source\repos\왜가리\winanim\winanim\x64\debug\winmain.obj
c:\users\user\source\repos\왜가리\winanim\winanim\x64\debug\time.obj
c:\users\user\source\repos\왜가리\winanim\winanim\x64\debug\texture.obj
c:\users\user\source\repos\왜가리\winanim\winanim\x64\debug\player.obj
c:\users\user\source\repos\왜가리\winanim\winanim\x64\debug\intput.obj
c:\users\user\source\repos\왜가리\winanim\winanim\x64\debug\animation.obj
c:\users\user\source\repos\gdiplus\winanim\output\bin\winanim.exe
c:\users\user\source\repos\gdiplus\winanim\output\bin\winanim.pdb
c:\users\user\source\repos\gdiplus\winanim\winanim\x64\debug\winanim.ilk
c:\users\user\source\repos\왜가리\winanim\winanim\x64\debug\resource.obj
c:\users\user\source\repos\왜가리\winanim\winanim\x64\debug\resource.obj.enc
c:\users\user\source\repos\왜가리\winanim\output\bin\winanim.pdb
c:\users\user\source\repos\왜가리\winanim\winanim\x64\debug\winanim.tlog\cl.command.1.tlog
c:\users\user\source\repos\왜가리\winanim\winanim\x64\debug\winanim.tlog\cl.items.tlog
c:\users\user\source\repos\왜가리\winanim\winanim\x64\debug\winanim.tlog\cl.read.1.tlog
c:\users\user\source\repos\왜가리\winanim\winanim\x64\debug\winanim.tlog\cl.write.1.tlog
c:\users\user\source\repos\왜가리\winanim\winanim\x64\debug\winanim.tlog\link-cvtres.read.1.tlog
c:\users\user\source\repos\왜가리\winanim\winanim\x64\debug\winanim.tlog\link-cvtres.write.1.tlog
c:\users\user\source\repos\왜가리\winanim\winanim\x64\debug\winanim.tlog\link-rc.read.1.tlog
c:\users\user\source\repos\왜가리\winanim\winanim\x64\debug\winanim.tlog\link-rc.write.1.tlog
c:\users\user\source\repos\왜가리\winanim\winanim\x64\debug\winanim.tlog\link.command.1.tlog
c:\users\user\source\repos\왜가리\winanim\winanim\x64\debug\winanim.tlog\link.read.1.tlog
c:\users\user\source\repos\왜가리\winanim\winanim\x64\debug\winanim.tlog\link.read.2.tlog
c:\users\user\source\repos\왜가리\winanim\winanim\x64\debug\winanim.tlog\link.read.3.tlog
c:\users\user\source\repos\왜가리\winanim\winanim\x64\debug\winanim.tlog\link.read.4.tlog
c:\users\user\source\repos\왜가리\winanim\winanim\x64\debug\winanim.tlog\link.read.5.tlog
c:\users\user\source\repos\왜가리\winanim\winanim\x64\debug\winanim.tlog\link.secondary.1.tlog
c:\users\user\source\repos\왜가리\winanim\winanim\x64\debug\winanim.tlog\link.write.1.tlog
